{"/Users/victormenezes/letscode/desafio-back-end/src/data/usecases/authentication/env-authentication.ts": {"path":"/Users/victormenezes/letscode/desafio-back-end/src/data/usecases/authentication/env-authentication.ts","statementMap":{"0":{"start":{"line":5,"column":0},"end":{"line":5,"column":42}},"1":{"start":{"line":6,"column":0},"end":{"line":6,"column":64}},"2":{"start":{"line":10,"column":31},"end":{"line":10,"column":55}},"3":{"start":{"line":12,"column":4},"end":{"line":17,"column":null}},"4":{"start":{"line":13,"column":20},"end":{"line":13,"column":59}},"5":{"start":{"line":14,"column":6},"end":{"line":14,"column":null}},"6":{"start":{"line":16,"column":6},"end":{"line":16,"column":null}},"7":{"start":{"line":9,"column":0},"end":{"line":9,"column":13}}},"fnMap":{"0":{"name":"(anonymous_8)","decl":{"start":{"line":10,"column":2},"end":{"line":10,"column":31}},"loc":{"start":{"line":10,"column":55},"end":{"line":10,"column":59}}},"1":{"name":"(anonymous_9)","decl":{"start":{"line":11,"column":8},"end":{"line":11,"column":12}},"loc":{"start":{"line":11,"column":54},"end":{"line":18,"column":null}}}},"branchMap":{"0":{"loc":{"start":{"line":12,"column":4},"end":{"line":17,"column":null}},"type":"if","locations":[{"start":{"line":12,"column":4},"end":{"line":17,"column":null}},{"start":{"line":15,"column":11},"end":{"line":17,"column":null}}]},"1":{"loc":{"start":{"line":12,"column":8},"end":{"line":12,"column":56}},"type":"binary-expr","locations":[{"start":{"line":12,"column":8},"end":{"line":12,"column":27}},{"start":{"line":12,"column":31},"end":{"line":12,"column":56}}]}},"s":{"0":2,"1":2,"2":4,"3":5,"4":3,"5":2,"6":2,"7":2},"f":{"0":4,"1":5},"b":{"0":[3,2],"1":[5,3]}}
,"/Users/victormenezes/letscode/desafio-back-end/src/data/usecases/cards/db-create-card.ts": {"path":"/Users/victormenezes/letscode/desafio-back-end/src/data/usecases/cards/db-create-card.ts","statementMap":{"0":{"start":{"line":5,"column":31},"end":{"line":5,"column":74}},"1":{"start":{"line":7,"column":4},"end":{"line":7,"column":null}},"2":{"start":{"line":4,"column":0},"end":{"line":4,"column":13}}},"fnMap":{"0":{"name":"(anonymous_0)","decl":{"start":{"line":5,"column":2},"end":{"line":5,"column":31}},"loc":{"start":{"line":5,"column":74},"end":{"line":5,"column":78}}},"1":{"name":"(anonymous_1)","decl":{"start":{"line":6,"column":2},"end":{"line":6,"column":5}},"loc":{"start":{"line":6,"column":28},"end":{"line":8,"column":3}}}},"branchMap":{},"s":{"0":3,"1":2,"2":2},"f":{"0":3,"1":2},"b":{}}
,"/Users/victormenezes/letscode/desafio-back-end/src/data/usecases/cards/db-get-cards.ts": {"path":"/Users/victormenezes/letscode/desafio-back-end/src/data/usecases/cards/db-get-cards.ts","statementMap":{"0":{"start":{"line":5,"column":31},"end":{"line":5,"column":69}},"1":{"start":{"line":7,"column":4},"end":{"line":7,"column":null}},"2":{"start":{"line":4,"column":0},"end":{"line":4,"column":13}}},"fnMap":{"0":{"name":"(anonymous_7)","decl":{"start":{"line":5,"column":2},"end":{"line":5,"column":31}},"loc":{"start":{"line":5,"column":69},"end":{"line":5,"column":73}}},"1":{"name":"(anonymous_8)","decl":{"start":{"line":6,"column":8},"end":{"line":6,"column":14}},"loc":{"start":{"line":6,"column":14},"end":{"line":8,"column":null}}}},"branchMap":{},"s":{"0":3,"1":2,"2":2},"f":{"0":3,"1":2},"b":{}}
,"/Users/victormenezes/letscode/desafio-back-end/src/infra/cryptography/jwt-adapter.ts": {"path":"/Users/victormenezes/letscode/desafio-back-end/src/infra/cryptography/jwt-adapter.ts","statementMap":{"0":{"start":{"line":2,"column":0},"end":{"line":2,"column":30}},"1":{"start":{"line":7,"column":31},"end":{"line":7,"column":45}},"2":{"start":{"line":10,"column":19},"end":{"line":10,"column":46}},"3":{"start":{"line":11,"column":4},"end":{"line":11,"column":null}},"4":{"start":{"line":11,"column":36},"end":{"line":11,"column":51}},"5":{"start":{"line":15,"column":19},"end":{"line":15,"column":49}},"6":{"start":{"line":16,"column":4},"end":{"line":16,"column":null}},"7":{"start":{"line":16,"column":36},"end":{"line":16,"column":51}},"8":{"start":{"line":6,"column":0},"end":{"line":6,"column":13}}},"fnMap":{"0":{"name":"(anonymous_8)","decl":{"start":{"line":7,"column":2},"end":{"line":7,"column":31}},"loc":{"start":{"line":7,"column":45},"end":{"line":7,"column":49}}},"1":{"name":"(anonymous_9)","decl":{"start":{"line":9,"column":8},"end":{"line":9,"column":15}},"loc":{"start":{"line":9,"column":25},"end":{"line":12,"column":null}}},"2":{"name":"(anonymous_11)","decl":{"start":{"line":11,"column":23},"end":{"line":11,"column":24}},"loc":{"start":{"line":11,"column":36},"end":{"line":11,"column":51}}},"3":{"name":"(anonymous_12)","decl":{"start":{"line":14,"column":8},"end":{"line":14,"column":15}},"loc":{"start":{"line":14,"column":29},"end":{"line":17,"column":null}}},"4":{"name":"(anonymous_14)","decl":{"start":{"line":16,"column":23},"end":{"line":16,"column":24}},"loc":{"start":{"line":16,"column":36},"end":{"line":16,"column":51}}}},"branchMap":{},"s":{"0":2,"1":7,"2":4,"3":4,"4":4,"5":2,"6":2,"7":2,"8":2},"f":{"0":7,"1":4,"2":4,"3":2,"4":2},"b":{}}
,"/Users/victormenezes/letscode/desafio-back-end/src/infra/db/sqlite/card/add-card-sqlite-repository.ts": {"path":"/Users/victormenezes/letscode/desafio-back-end/src/infra/db/sqlite/card/add-card-sqlite-repository.ts","statementMap":{"0":{"start":{"line":6,"column":0},"end":{"line":6,"column":45}},"1":{"start":{"line":7,"column":0},"end":{"line":7,"column":25}},"2":{"start":{"line":11,"column":15},"end":{"line":11,"column":19}},"3":{"start":{"line":12,"column":21},"end":{"line":12,"column":39}},"4":{"start":{"line":13,"column":16},"end":{"line":13,"column":84}},"5":{"start":{"line":14,"column":4},"end":{"line":19,"column":null}},"6":{"start":{"line":15,"column":6},"end":{"line":18,"column":null}},"7":{"start":{"line":16,"column":8},"end":{"line":16,"column":null}},"8":{"start":{"line":16,"column":17},"end":{"line":16,"column":null}},"9":{"start":{"line":17,"column":8},"end":{"line":17,"column":null}},"10":{"start":{"line":9,"column":0},"end":{"line":9,"column":13}}},"fnMap":{"0":{"name":"(anonymous_0)","decl":{"start":{"line":10,"column":2},"end":{"line":10,"column":5}},"loc":{"start":{"line":10,"column":28},"end":{"line":20,"column":3}}},"1":{"name":"(anonymous_1)","decl":{"start":{"line":14,"column":29},"end":{"line":14,"column":30}},"loc":{"start":{"line":14,"column":49},"end":{"line":19,"column":5}}},"2":{"name":"(anonymous_2)","decl":{"start":{"line":15,"column":64},"end":{"line":15,"column":65}},"loc":{"start":{"line":15,"column":72},"end":{"line":18,"column":7}}}},"branchMap":{"0":{"loc":{"start":{"line":16,"column":8},"end":{"line":16,"column":null}},"type":"if","locations":[{"start":{"line":16,"column":8},"end":{"line":16,"column":null}}]}},"s":{"0":2,"1":2,"2":2,"3":2,"4":2,"5":2,"6":2,"7":2,"8":1,"9":2,"10":2},"f":{"0":2,"1":2,"2":2},"b":{"0":[1]}}
,"/Users/victormenezes/letscode/desafio-back-end/src/infra/db/sqlite/card/get-cards-sqlite-repository.ts": {"path":"/Users/victormenezes/letscode/desafio-back-end/src/infra/db/sqlite/card/get-cards-sqlite-repository.ts","statementMap":{"0":{"start":{"line":3,"column":0},"end":{"line":3,"column":45}},"1":{"start":{"line":7,"column":16},"end":{"line":7,"column":37}},"2":{"start":{"line":8,"column":4},"end":{"line":13,"column":null}},"3":{"start":{"line":9,"column":6},"end":{"line":12,"column":null}},"4":{"start":{"line":10,"column":8},"end":{"line":10,"column":null}},"5":{"start":{"line":10,"column":17},"end":{"line":10,"column":null}},"6":{"start":{"line":11,"column":8},"end":{"line":11,"column":null}},"7":{"start":{"line":5,"column":0},"end":{"line":5,"column":13}}},"fnMap":{"0":{"name":"(anonymous_7)","decl":{"start":{"line":6,"column":8},"end":{"line":6,"column":14}},"loc":{"start":{"line":6,"column":14},"end":{"line":14,"column":null}}},"1":{"name":"(anonymous_9)","decl":{"start":{"line":8,"column":31},"end":{"line":8,"column":32}},"loc":{"start":{"line":8,"column":51},"end":{"line":13,"column":5}}},"2":{"name":"(anonymous_10)","decl":{"start":{"line":9,"column":22},"end":{"line":9,"column":23}},"loc":{"start":{"line":9,"column":35},"end":{"line":12,"column":7}}}},"branchMap":{"0":{"loc":{"start":{"line":10,"column":8},"end":{"line":10,"column":null}},"type":"if","locations":[{"start":{"line":10,"column":8},"end":{"line":10,"column":null}}]}},"s":{"0":2,"1":2,"2":2,"3":2,"4":2,"5":1,"6":2,"7":2},"f":{"0":2,"1":2,"2":2},"b":{"0":[1]}}
,"/Users/victormenezes/letscode/desafio-back-end/src/infra/db/sqlite/helpers/sqlite-helper.ts": {"path":"/Users/victormenezes/letscode/desafio-back-end/src/infra/db/sqlite/helpers/sqlite-helper.ts","statementMap":{"0":{"start":{"line":1,"column":0},"end":{"line":1,"column":29}},"1":{"start":{"line":3,"column":13},"end":{"line":3,"column":null}}},"fnMap":{},"branchMap":{},"s":{"0":1,"1":1},"f":{},"b":{}}
,"/Users/victormenezes/letscode/desafio-back-end/src/presentation/controllers/card/add-card/index.ts": {"path":"/Users/victormenezes/letscode/desafio-back-end/src/presentation/controllers/card/add-card/index.ts","statementMap":{"0":{"start":{"line":1,"column":0},"end":{"line":1,"column":56}},"1":{"start":{"line":2,"column":0},"end":{"line":2,"column":76}},"2":{"start":{"line":11,"column":31},"end":{"line":11,"column":53}},"3":{"start":{"line":13,"column":23},"end":{"line":13,"column":39}},"4":{"start":{"line":14,"column":27},"end":{"line":14,"column":58}},"5":{"start":{"line":15,"column":4},"end":{"line":19,"column":null}},"6":{"start":{"line":16,"column":6},"end":{"line":18,"column":null}},"7":{"start":{"line":17,"column":8},"end":{"line":17,"column":null}},"8":{"start":{"line":21,"column":4},"end":{"line":26,"column":null}},"9":{"start":{"line":22,"column":19},"end":{"line":22,"column":56}},"10":{"start":{"line":23,"column":6},"end":{"line":23,"column":null}},"11":{"start":{"line":25,"column":6},"end":{"line":25,"column":null}},"12":{"start":{"line":10,"column":0},"end":{"line":10,"column":13}}},"fnMap":{"0":{"name":"(anonymous_7)","decl":{"start":{"line":11,"column":2},"end":{"line":11,"column":31}},"loc":{"start":{"line":11,"column":53},"end":{"line":11,"column":57}}},"1":{"name":"(anonymous_8)","decl":{"start":{"line":12,"column":8},"end":{"line":12,"column":14}},"loc":{"start":{"line":12,"column":39},"end":{"line":27,"column":null}}}},"branchMap":{"0":{"loc":{"start":{"line":16,"column":6},"end":{"line":18,"column":null}},"type":"if","locations":[{"start":{"line":16,"column":6},"end":{"line":18,"column":null}}]}},"s":{"0":2,"1":2,"2":6,"3":5,"4":5,"5":5,"6":12,"7":3,"8":2,"9":2,"10":1,"11":1,"12":2},"f":{"0":6,"1":5},"b":{"0":[3]}}
,"/Users/victormenezes/letscode/desafio-back-end/src/presentation/controllers/card/get-cards/index.ts": {"path":"/Users/victormenezes/letscode/desafio-back-end/src/presentation/controllers/card/get-cards/index.ts","statementMap":{"0":{"start":{"line":2,"column":0},"end":{"line":2,"column":55}},"1":{"start":{"line":5,"column":31},"end":{"line":5,"column":49}},"2":{"start":{"line":7,"column":4},"end":{"line":12,"column":null}},"3":{"start":{"line":8,"column":20},"end":{"line":8,"column":48}},"4":{"start":{"line":9,"column":6},"end":{"line":9,"column":null}},"5":{"start":{"line":11,"column":6},"end":{"line":11,"column":null}},"6":{"start":{"line":4,"column":0},"end":{"line":4,"column":13}}},"fnMap":{"0":{"name":"(anonymous_7)","decl":{"start":{"line":5,"column":2},"end":{"line":5,"column":31}},"loc":{"start":{"line":5,"column":49},"end":{"line":5,"column":53}}},"1":{"name":"(anonymous_8)","decl":{"start":{"line":6,"column":8},"end":{"line":6,"column":14}},"loc":{"start":{"line":6,"column":14},"end":{"line":13,"column":null}}}},"branchMap":{},"s":{"0":2,"1":4,"2":3,"3":3,"4":2,"5":1,"6":2},"f":{"0":4,"1":3},"b":{}}
,"/Users/victormenezes/letscode/desafio-back-end/src/presentation/controllers/login/login.ts": {"path":"/Users/victormenezes/letscode/desafio-back-end/src/presentation/controllers/login/login.ts","statementMap":{"0":{"start":{"line":1,"column":0},"end":{"line":1,"column":75}},"1":{"start":{"line":2,"column":0},"end":{"line":2,"column":null}},"2":{"start":{"line":16,"column":31},"end":{"line":16,"column":61}},"3":{"start":{"line":18,"column":32},"end":{"line":18,"column":48}},"4":{"start":{"line":19,"column":4},"end":{"line":23,"column":null}},"5":{"start":{"line":20,"column":6},"end":{"line":22,"column":null}},"6":{"start":{"line":21,"column":8},"end":{"line":21,"column":59}},"7":{"start":{"line":24,"column":4},"end":{"line":28,"column":null}},"8":{"start":{"line":25,"column":6},"end":{"line":27,"column":null}},"9":{"start":{"line":26,"column":8},"end":{"line":26,"column":62}},"10":{"start":{"line":30,"column":4},"end":{"line":42,"column":null}},"11":{"start":{"line":31,"column":20},"end":{"line":34,"column":8}},"12":{"start":{"line":35,"column":6},"end":{"line":37,"column":null}},"13":{"start":{"line":36,"column":8},"end":{"line":36,"column":null}},"14":{"start":{"line":39,"column":6},"end":{"line":39,"column":null}},"15":{"start":{"line":39,"column":38},"end":{"line":39,"column":73}},"16":{"start":{"line":41,"column":6},"end":{"line":41,"column":null}},"17":{"start":{"line":15,"column":0},"end":{"line":15,"column":13}}},"fnMap":{"0":{"name":"(anonymous_7)","decl":{"start":{"line":16,"column":2},"end":{"line":16,"column":31}},"loc":{"start":{"line":16,"column":61},"end":{"line":16,"column":65}}},"1":{"name":"(anonymous_8)","decl":{"start":{"line":17,"column":8},"end":{"line":17,"column":14}},"loc":{"start":{"line":17,"column":39},"end":{"line":43,"column":null}}},"2":{"name":"(anonymous_10)","decl":{"start":{"line":20,"column":25},"end":{"line":20,"column":26}},"loc":{"start":{"line":21,"column":8},"end":{"line":21,"column":59}}},"3":{"name":"(anonymous_11)","decl":{"start":{"line":25,"column":25},"end":{"line":25,"column":26}},"loc":{"start":{"line":26,"column":8},"end":{"line":26,"column":62}}},"4":{"name":"(anonymous_12)","decl":{"start":{"line":39,"column":25},"end":{"line":39,"column":26}},"loc":{"start":{"line":39,"column":38},"end":{"line":39,"column":73}}}},"branchMap":{"0":{"loc":{"start":{"line":19,"column":4},"end":{"line":23,"column":null}},"type":"if","locations":[{"start":{"line":19,"column":4},"end":{"line":23,"column":null}}]},"1":{"loc":{"start":{"line":24,"column":4},"end":{"line":28,"column":null}},"type":"if","locations":[{"start":{"line":24,"column":4},"end":{"line":28,"column":null}}]},"2":{"loc":{"start":{"line":35,"column":6},"end":{"line":37,"column":null}},"type":"if","locations":[{"start":{"line":35,"column":6},"end":{"line":37,"column":null}}]}},"s":{"0":2,"1":2,"2":6,"3":7,"4":7,"5":1,"6":1,"7":6,"8":1,"9":1,"10":5,"11":5,"12":4,"13":2,"14":2,"15":2,"16":1,"17":2},"f":{"0":6,"1":7,"2":1,"3":1,"4":2},"b":{"0":[1],"1":[1],"2":[2]}}
,"/Users/victormenezes/letscode/desafio-back-end/src/presentation/errors/access-denied-error.ts": {"path":"/Users/victormenezes/letscode/desafio-back-end/src/presentation/errors/access-denied-error.ts","statementMap":{"0":{"start":{"line":3,"column":4},"end":{"line":3,"column":null}},"1":{"start":{"line":4,"column":4},"end":{"line":4,"column":null}},"2":{"start":{"line":1,"column":0},"end":{"line":1,"column":13}}},"fnMap":{"0":{"name":"(anonymous_0)","decl":{"start":{"line":2,"column":2},"end":{"line":2,"column":null}},"loc":{"start":{"line":2,"column":2},"end":{"line":5,"column":3}}}},"branchMap":{},"s":{"0":4,"1":4,"2":6},"f":{"0":4},"b":{}}
,"/Users/victormenezes/letscode/desafio-back-end/src/presentation/errors/index.ts": {"path":"/Users/victormenezes/letscode/desafio-back-end/src/presentation/errors/index.ts","statementMap":{"0":{"start":{"line":1,"column":0},"end":{"line":1,"column":30}},"1":{"start":{"line":2,"column":0},"end":{"line":2,"column":36}},"2":{"start":{"line":3,"column":0},"end":{"line":3,"column":37}},"3":{"start":{"line":4,"column":0},"end":{"line":4,"column":37}},"4":{"start":{"line":5,"column":0},"end":{"line":5,"column":37}}},"fnMap":{},"branchMap":{},"s":{"0":6,"1":6,"2":6,"3":6,"4":6},"f":{},"b":{}}
,"/Users/victormenezes/letscode/desafio-back-end/src/presentation/errors/invalid-param-error.ts": {"path":"/Users/victormenezes/letscode/desafio-back-end/src/presentation/errors/invalid-param-error.ts","statementMap":{"0":{"start":{"line":3,"column":4},"end":{"line":3,"column":null}},"1":{"start":{"line":4,"column":4},"end":{"line":4,"column":null}},"2":{"start":{"line":1,"column":0},"end":{"line":1,"column":13}}},"fnMap":{"0":{"name":"(anonymous_0)","decl":{"start":{"line":2,"column":2},"end":{"line":2,"column":14}},"loc":{"start":{"line":2,"column":31},"end":{"line":5,"column":3}}}},"branchMap":{},"s":{"0":0,"1":0,"2":6},"f":{"0":0},"b":{}}
,"/Users/victormenezes/letscode/desafio-back-end/src/presentation/errors/missing-param-error.ts": {"path":"/Users/victormenezes/letscode/desafio-back-end/src/presentation/errors/missing-param-error.ts","statementMap":{"0":{"start":{"line":3,"column":4},"end":{"line":3,"column":null}},"1":{"start":{"line":4,"column":4},"end":{"line":4,"column":null}},"2":{"start":{"line":1,"column":0},"end":{"line":1,"column":13}}},"fnMap":{"0":{"name":"(anonymous_0)","decl":{"start":{"line":2,"column":2},"end":{"line":2,"column":14}},"loc":{"start":{"line":2,"column":31},"end":{"line":5,"column":3}}}},"branchMap":{},"s":{"0":10,"1":10,"2":6},"f":{"0":10},"b":{}}
,"/Users/victormenezes/letscode/desafio-back-end/src/presentation/errors/server-error.ts": {"path":"/Users/victormenezes/letscode/desafio-back-end/src/presentation/errors/server-error.ts","statementMap":{"0":{"start":{"line":3,"column":4},"end":{"line":3,"column":null}},"1":{"start":{"line":4,"column":4},"end":{"line":4,"column":null}},"2":{"start":{"line":5,"column":4},"end":{"line":5,"column":null}},"3":{"start":{"line":1,"column":0},"end":{"line":1,"column":13}}},"fnMap":{"0":{"name":"(anonymous_0)","decl":{"start":{"line":2,"column":2},"end":{"line":2,"column":14}},"loc":{"start":{"line":2,"column":27},"end":{"line":6,"column":3}}}},"branchMap":{},"s":{"0":8,"1":8,"2":8,"3":6},"f":{"0":8},"b":{}}
,"/Users/victormenezes/letscode/desafio-back-end/src/presentation/errors/unauthorized-error.ts": {"path":"/Users/victormenezes/letscode/desafio-back-end/src/presentation/errors/unauthorized-error.ts","statementMap":{"0":{"start":{"line":3,"column":4},"end":{"line":3,"column":null}},"1":{"start":{"line":4,"column":4},"end":{"line":4,"column":null}},"2":{"start":{"line":1,"column":0},"end":{"line":1,"column":13}}},"fnMap":{"0":{"name":"(anonymous_0)","decl":{"start":{"line":2,"column":2},"end":{"line":2,"column":null}},"loc":{"start":{"line":2,"column":2},"end":{"line":5,"column":3}}}},"branchMap":{},"s":{"0":6,"1":6,"2":6},"f":{"0":6},"b":{}}
,"/Users/victormenezes/letscode/desafio-back-end/src/presentation/helpers/index.ts": {"path":"/Users/victormenezes/letscode/desafio-back-end/src/presentation/helpers/index.ts","statementMap":{"0":{"start":{"line":1,"column":0},"end":{"line":1,"column":34}}},"fnMap":{},"branchMap":{},"s":{"0":4},"f":{},"b":{}}
,"/Users/victormenezes/letscode/desafio-back-end/src/presentation/helpers/http/http-helper.ts": {"path":"/Users/victormenezes/letscode/desafio-back-end/src/presentation/helpers/http/http-helper.ts","statementMap":{"0":{"start":{"line":2,"column":0},"end":{"line":2,"column":61}},"1":{"start":{"line":5,"column":26},"end":{"line":8,"column":2}},"2":{"start":{"line":5,"column":59},"end":{"line":8,"column":2}},"3":{"start":{"line":5,"column":13},"end":{"line":5,"column":26}},"4":{"start":{"line":10,"column":25},"end":{"line":13,"column":2}},"5":{"start":{"line":10,"column":58},"end":{"line":13,"column":2}},"6":{"start":{"line":10,"column":13},"end":{"line":10,"column":25}},"7":{"start":{"line":15,"column":28},"end":{"line":18,"column":2}},"8":{"start":{"line":15,"column":49},"end":{"line":18,"column":2}},"9":{"start":{"line":15,"column":13},"end":{"line":15,"column":28}},"10":{"start":{"line":20,"column":27},"end":{"line":23,"column":2}},"11":{"start":{"line":20,"column":60},"end":{"line":23,"column":2}},"12":{"start":{"line":20,"column":13},"end":{"line":20,"column":27}},"13":{"start":{"line":25,"column":18},"end":{"line":28,"column":2}},"14":{"start":{"line":25,"column":48},"end":{"line":28,"column":2}},"15":{"start":{"line":25,"column":13},"end":{"line":25,"column":18}},"16":{"start":{"line":30,"column":23},"end":{"line":33,"column":2}},"17":{"start":{"line":30,"column":53},"end":{"line":33,"column":2}},"18":{"start":{"line":30,"column":13},"end":{"line":30,"column":23}},"19":{"start":{"line":35,"column":25},"end":{"line":38,"column":2}},"20":{"start":{"line":35,"column":46},"end":{"line":38,"column":2}},"21":{"start":{"line":35,"column":13},"end":{"line":35,"column":25}}},"fnMap":{"0":{"name":"(anonymous_0)","decl":{"start":{"line":5,"column":26},"end":{"line":5,"column":27}},"loc":{"start":{"line":5,"column":59},"end":{"line":8,"column":2}}},"1":{"name":"(anonymous_1)","decl":{"start":{"line":10,"column":25},"end":{"line":10,"column":26}},"loc":{"start":{"line":10,"column":58},"end":{"line":13,"column":2}}},"2":{"name":"(anonymous_2)","decl":{"start":{"line":15,"column":28},"end":{"line":15,"column":45}},"loc":{"start":{"line":15,"column":49},"end":{"line":18,"column":2}}},"3":{"name":"(anonymous_3)","decl":{"start":{"line":20,"column":27},"end":{"line":20,"column":28}},"loc":{"start":{"line":20,"column":60},"end":{"line":23,"column":2}}},"4":{"name":"(anonymous_4)","decl":{"start":{"line":25,"column":18},"end":{"line":25,"column":19}},"loc":{"start":{"line":25,"column":48},"end":{"line":28,"column":2}}},"5":{"name":"(anonymous_5)","decl":{"start":{"line":30,"column":23},"end":{"line":30,"column":24}},"loc":{"start":{"line":30,"column":53},"end":{"line":33,"column":2}}},"6":{"name":"(anonymous_6)","decl":{"start":{"line":35,"column":25},"end":{"line":35,"column":42}},"loc":{"start":{"line":35,"column":46},"end":{"line":38,"column":2}}}},"branchMap":{},"s":{"0":5,"1":5,"2":10,"3":5,"4":5,"5":4,"6":5,"7":5,"8":3,"9":5,"10":5,"11":8,"12":5,"13":5,"14":9,"15":5,"16":5,"17":2,"18":5,"19":5,"20":0,"21":5},"f":{"0":10,"1":4,"2":3,"3":8,"4":9,"5":2,"6":0},"b":{}}
,"/Users/victormenezes/letscode/desafio-back-end/src/presentation/middlewares/auth-middleware.ts": {"path":"/Users/victormenezes/letscode/desafio-back-end/src/presentation/middlewares/auth-middleware.ts","statementMap":{"0":{"start":{"line":2,"column":0},"end":{"line":2,"column":76}},"1":{"start":{"line":3,"column":0},"end":{"line":3,"column":null}},"2":{"start":{"line":15,"column":31},"end":{"line":15,"column":54}},"3":{"start":{"line":18,"column":4},"end":{"line":33,"column":null}},"4":{"start":{"line":19,"column":21},"end":{"line":19,"column":60}},"5":{"start":{"line":20,"column":6},"end":{"line":28,"column":null}},"6":{"start":{"line":21,"column":26},"end":{"line":21,"column":43}},"7":{"start":{"line":22,"column":8},"end":{"line":27,"column":null}},"8":{"start":{"line":23,"column":23},"end":{"line":23,"column":61}},"9":{"start":{"line":24,"column":10},"end":{"line":26,"column":null}},"10":{"start":{"line":25,"column":12},"end":{"line":25,"column":null}},"11":{"start":{"line":30,"column":6},"end":{"line":30,"column":null}},"12":{"start":{"line":32,"column":6},"end":{"line":32,"column":null}},"13":{"start":{"line":14,"column":0},"end":{"line":14,"column":13}}},"fnMap":{"0":{"name":"(anonymous_7)","decl":{"start":{"line":15,"column":2},"end":{"line":15,"column":31}},"loc":{"start":{"line":15,"column":54},"end":{"line":15,"column":58}}},"1":{"name":"(anonymous_8)","decl":{"start":{"line":17,"column":8},"end":{"line":17,"column":14}},"loc":{"start":{"line":17,"column":39},"end":{"line":34,"column":null}}}},"branchMap":{"0":{"loc":{"start":{"line":19,"column":21},"end":{"line":19,"column":60}},"type":"cond-expr","locations":[{"start":{"line":19,"column":41},"end":{"line":19,"column":44}},{"start":{"line":19,"column":41},"end":{"line":19,"column":60}}]},"1":{"loc":{"start":{"line":19,"column":21},"end":{"line":19,"column":44}},"type":"binary-expr","locations":[{"start":{"line":19,"column":21},"end":{"line":19,"column":44}},{"start":{"line":19,"column":41},"end":{"line":19,"column":44}}]},"2":{"loc":{"start":{"line":19,"column":21},"end":{"line":19,"column":41}},"type":"cond-expr","locations":[{"start":{"line":19,"column":32},"end":{"line":19,"column":34}},{"start":{"line":19,"column":21},"end":{"line":19,"column":41}}]},"3":{"loc":{"start":{"line":19,"column":21},"end":{"line":19,"column":34}},"type":"binary-expr","locations":[{"start":{"line":19,"column":21},"end":{"line":19,"column":34}},{"start":{"line":19,"column":21},"end":{"line":19,"column":34}}]},"4":{"loc":{"start":{"line":20,"column":6},"end":{"line":28,"column":null}},"type":"if","locations":[{"start":{"line":20,"column":6},"end":{"line":28,"column":null}}]},"5":{"loc":{"start":{"line":22,"column":8},"end":{"line":27,"column":null}},"type":"if","locations":[{"start":{"line":22,"column":8},"end":{"line":27,"column":null}}]},"6":{"loc":{"start":{"line":24,"column":10},"end":{"line":26,"column":null}},"type":"if","locations":[{"start":{"line":24,"column":10},"end":{"line":26,"column":null}}]}},"s":{"0":2,"1":2,"2":6,"3":5,"4":5,"5":5,"6":4,"7":4,"8":4,"9":3,"10":2,"11":2,"12":1,"13":2},"f":{"0":6,"1":5},"b":{"0":[1,4],"1":[5,5],"2":[0,5],"3":[5,5],"4":[4],"5":[4],"6":[2]}}
}
