TN:
SF:src/index.ts
FN:3,(anonymous_0)
FNF:1
FNH:0
FNDA:0,(anonymous_0)
DA:3,0
DA:4,0
LF:2
LH:0
BRF:0
BRH:0
end_of_record
TN:
SF:src/data/usecases/authentication/env-authentication.ts
FN:10,(anonymous_8)
FN:11,(anonymous_9)
FNF:2
FNH:2
FNDA:4,(anonymous_8)
FNDA:5,(anonymous_9)
DA:5,2
DA:6,2
DA:9,2
DA:10,4
DA:12,5
DA:13,3
DA:14,2
DA:16,2
LF:8
LH:8
BRDA:12,0,0,3
BRDA:12,0,1,2
BRDA:12,1,0,5
BRDA:12,1,1,3
BRF:4
BRH:4
end_of_record
TN:
SF:src/data/usecases/cards/db-get-cards.ts
FN:5,(anonymous_7)
FN:6,(anonymous_8)
FNF:2
FNH:1
FNDA:1,(anonymous_7)
FNDA:0,(anonymous_8)
DA:4,1
DA:5,1
DA:7,0
LF:3
LH:2
BRF:0
BRH:0
end_of_record
TN:
SF:src/infra/cryptography/jwt-adapter.ts
FN:7,(anonymous_8)
FN:9,(anonymous_9)
FN:11,(anonymous_11)
FN:14,(anonymous_12)
FN:16,(anonymous_14)
FNF:5
FNH:3
FNDA:5,(anonymous_8)
FNDA:4,(anonymous_9)
FNDA:4,(anonymous_11)
FNDA:0,(anonymous_12)
FNDA:0,(anonymous_14)
DA:2,2
DA:6,2
DA:7,5
DA:10,4
DA:11,4
DA:15,0
DA:16,0
LF:7
LH:5
BRF:0
BRH:0
end_of_record
TN:
SF:src/infra/db/sqlite/card/get-cards-sqlite-repository.ts
FN:6,(anonymous_7)
FN:8,(anonymous_9)
FN:9,(anonymous_10)
FNF:3
FNH:0
FNDA:0,(anonymous_7)
FNDA:0,(anonymous_9)
FNDA:0,(anonymous_10)
DA:3,1
DA:5,1
DA:7,0
DA:8,0
DA:9,0
DA:10,0
DA:11,0
LF:7
LH:2
BRDA:10,0,0,0
BRF:1
BRH:0
end_of_record
TN:
SF:src/infra/db/sqlite/helpers/sqlite-helper.ts
FNF:0
FNH:0
DA:1,1
DA:3,1
LF:2
LH:2
BRF:0
BRH:0
end_of_record
TN:
SF:src/presentation/controllers/card/get-cards.ts
FN:7,(anonymous_7)
FN:8,(anonymous_8)
FNF:2
FNH:2
FNDA:3,(anonymous_7)
FNDA:2,(anonymous_8)
DA:3,2
DA:6,2
DA:7,3
DA:9,2
DA:10,2
DA:11,1
DA:13,1
LF:7
LH:7
BRF:0
BRH:0
end_of_record
TN:
SF:src/presentation/controllers/login/login-protocols.ts
FNF:0
FNH:0
DA:1,0
DA:2,0
LF:2
LH:0
BRF:0
BRH:0
end_of_record
TN:
SF:src/presentation/controllers/login/login.ts
FN:7,(anonymous_7)
FN:8,(anonymous_8)
FN:11,(anonymous_10)
FN:16,(anonymous_11)
FN:30,(anonymous_12)
FNF:5
FNH:5
FNDA:6,(anonymous_7)
FNDA:7,(anonymous_8)
FNDA:1,(anonymous_10)
FNDA:1,(anonymous_11)
FNDA:2,(anonymous_12)
DA:2,2
DA:3,2
DA:6,2
DA:7,6
DA:9,7
DA:10,7
DA:11,1
DA:12,1
DA:15,6
DA:16,1
DA:17,1
DA:21,5
DA:22,5
DA:26,4
DA:27,2
DA:30,2
DA:32,1
LF:17
LH:17
BRDA:10,0,0,1
BRDA:15,1,0,1
BRDA:26,2,0,2
BRF:3
BRH:3
end_of_record
TN:
SF:src/presentation/errors/access-denied-error.ts
FN:2,(anonymous_0)
FNF:1
FNH:1
FNDA:4,(anonymous_0)
DA:1,5
DA:3,4
DA:4,4
LF:3
LH:3
BRF:0
BRH:0
end_of_record
TN:
SF:src/presentation/errors/index.ts
FNF:0
FNH:0
DA:1,5
DA:2,5
DA:3,5
DA:4,5
DA:5,5
LF:5
LH:5
BRF:0
BRH:0
end_of_record
TN:
SF:src/presentation/errors/invalid-param-error.ts
FN:2,(anonymous_0)
FNF:1
FNH:0
FNDA:0,(anonymous_0)
DA:1,5
DA:3,0
DA:4,0
LF:3
LH:1
BRF:0
BRH:0
end_of_record
TN:
SF:src/presentation/errors/missing-param-error.ts
FN:2,(anonymous_0)
FNF:1
FNH:1
FNDA:4,(anonymous_0)
DA:1,5
DA:3,4
DA:4,4
LF:3
LH:3
BRF:0
BRH:0
end_of_record
TN:
SF:src/presentation/errors/server-error.ts
FN:2,(anonymous_0)
FNF:1
FNH:1
FNDA:6,(anonymous_0)
DA:1,5
DA:3,6
DA:4,6
DA:5,6
LF:4
LH:4
BRF:0
BRH:0
end_of_record
TN:
SF:src/presentation/errors/unauthorized-error.ts
FN:2,(anonymous_0)
FNF:1
FNH:1
FNDA:6,(anonymous_0)
DA:1,5
DA:3,6
DA:4,6
LF:3
LH:3
BRF:0
BRH:0
end_of_record
TN:
SF:src/presentation/helpers/index.ts
FNF:0
FNH:0
DA:1,3
LF:1
LH:1
BRF:0
BRH:0
end_of_record
TN:
SF:src/presentation/helpers/http/http-helper.ts
FN:5,(anonymous_0)
FN:10,(anonymous_1)
FN:15,(anonymous_2)
FN:20,(anonymous_3)
FN:25,(anonymous_4)
FN:30,(anonymous_5)
FNF:6
FNH:5
FNDA:4,(anonymous_0)
FNDA:4,(anonymous_1)
FNDA:3,(anonymous_2)
FNDA:6,(anonymous_3)
FNDA:7,(anonymous_4)
FNDA:0,(anonymous_5)
DA:2,4
DA:5,4
DA:10,4
DA:15,4
DA:20,6
DA:25,7
DA:30,4
LF:7
LH:7
BRF:0
BRH:0
end_of_record
TN:
SF:src/presentation/middlewares/auth-middleware.ts
FN:8,(anonymous_7)
FN:10,(anonymous_8)
FNF:2
FNH:2
FNDA:6,(anonymous_7)
FNDA:5,(anonymous_8)
DA:2,2
DA:3,2
DA:7,2
DA:8,6
DA:11,5
DA:12,5
DA:13,5
DA:14,4
DA:15,4
DA:16,4
DA:17,3
DA:18,2
DA:23,2
DA:25,1
LF:14
LH:14
BRDA:12,0,0,1
BRDA:12,0,1,4
BRDA:12,1,0,5
BRDA:12,1,1,5
BRDA:12,2,0,0
BRDA:12,2,1,5
BRDA:12,3,0,5
BRDA:12,3,1,5
BRDA:13,4,0,4
BRDA:15,5,0,4
BRDA:17,6,0,2
BRF:11
BRH:10
end_of_record
TN:
SF:src/presentation/protocols/index.ts
FNF:0
FNH:0
DA:1,0
DA:2,0
LF:2
LH:0
BRF:0
BRH:0
end_of_record
TN:
SF:src/validation/protocols/index.ts
FNF:0
FNH:0
DA:1,0
LF:1
LH:0
BRF:0
BRH:0
end_of_record
