TN:
SF:src/data/usecases/authentication/env-authentication.ts
FN:10,(anonymous_8)
FN:11,(anonymous_9)
FNF:2
FNH:2
FNDA:4,(anonymous_8)
FNDA:5,(anonymous_9)
DA:5,2
DA:6,2
DA:9,2
DA:10,4
DA:12,5
DA:13,3
DA:14,2
DA:16,2
LF:8
LH:8
BRDA:12,0,0,3
BRDA:12,0,1,2
BRDA:12,1,0,5
BRDA:12,1,1,3
BRF:4
BRH:4
end_of_record
TN:
SF:src/data/usecases/cards/db-create-card.ts
FN:5,(anonymous_0)
FN:6,(anonymous_1)
FNF:2
FNH:2
FNDA:3,(anonymous_0)
FNDA:2,(anonymous_1)
DA:4,2
DA:5,3
DA:7,2
LF:3
LH:3
BRF:0
BRH:0
end_of_record
TN:
SF:src/data/usecases/cards/db-get-cards.ts
FN:5,(anonymous_7)
FN:6,(anonymous_8)
FNF:2
FNH:2
FNDA:3,(anonymous_7)
FNDA:2,(anonymous_8)
DA:4,2
DA:5,3
DA:7,2
LF:3
LH:3
BRF:0
BRH:0
end_of_record
TN:
SF:src/data/usecases/cards/db-update-card.ts
FN:6,(anonymous_7)
FN:7,(anonymous_8)
FNF:2
FNH:2
FNDA:4,(anonymous_7)
FNDA:3,(anonymous_8)
DA:5,2
DA:6,4
DA:8,3
LF:3
LH:3
BRF:0
BRH:0
end_of_record
TN:
SF:src/infra/cryptography/jwt-adapter.ts
FN:7,(anonymous_8)
FN:9,(anonymous_9)
FN:11,(anonymous_11)
FN:14,(anonymous_12)
FN:16,(anonymous_14)
FNF:5
FNH:5
FNDA:7,(anonymous_8)
FNDA:4,(anonymous_9)
FNDA:4,(anonymous_11)
FNDA:2,(anonymous_12)
FNDA:2,(anonymous_14)
DA:2,2
DA:6,2
DA:7,7
DA:10,4
DA:11,4
DA:15,2
DA:16,2
LF:7
LH:7
BRF:0
BRH:0
end_of_record
TN:
SF:src/infra/db/sqlite/card/add-card-sqlite-repository.ts
FN:10,(anonymous_0)
FN:14,(anonymous_1)
FN:15,(anonymous_2)
FNF:3
FNH:3
FNDA:2,(anonymous_0)
FNDA:2,(anonymous_1)
FNDA:2,(anonymous_2)
DA:6,2
DA:7,2
DA:9,2
DA:11,2
DA:12,2
DA:13,2
DA:14,2
DA:15,2
DA:16,2
DA:17,2
LF:10
LH:10
BRDA:16,0,0,1
BRF:1
BRH:1
end_of_record
TN:
SF:src/infra/db/sqlite/card/get-cards-sqlite-repository.ts
FN:6,(anonymous_7)
FN:8,(anonymous_9)
FN:9,(anonymous_10)
FNF:3
FNH:3
FNDA:2,(anonymous_7)
FNDA:2,(anonymous_9)
FNDA:2,(anonymous_10)
DA:3,2
DA:5,2
DA:7,2
DA:8,2
DA:9,2
DA:10,2
DA:11,2
LF:7
LH:7
BRDA:10,0,0,1
BRF:1
BRH:1
end_of_record
TN:
SF:src/infra/db/sqlite/card/update-card-sqlite-repository.ts
FN:6,(anonymous_7)
FN:14,(anonymous_9)
FN:18,(anonymous_10)
FNF:3
FNH:3
FNDA:3,(anonymous_7)
FNDA:3,(anonymous_9)
FNDA:3,(anonymous_10)
DA:3,2
DA:5,2
DA:7,3
DA:14,3
DA:15,3
DA:19,3
DA:20,3
DA:21,3
LF:8
LH:8
BRDA:19,0,0,1
BRDA:20,1,0,1
BRF:2
BRH:2
end_of_record
TN:
SF:src/infra/db/sqlite/helpers/sqlite-helper.ts
FNF:0
FNH:0
DA:1,1
DA:3,1
LF:2
LH:2
BRF:0
BRH:0
end_of_record
TN:
SF:src/presentation/controllers/card/add-card/index.ts
FN:11,(anonymous_7)
FN:12,(anonymous_8)
FNF:2
FNH:2
FNDA:6,(anonymous_7)
FNDA:5,(anonymous_8)
DA:1,2
DA:2,2
DA:10,2
DA:11,6
DA:13,5
DA:14,5
DA:15,5
DA:16,12
DA:17,3
DA:21,2
DA:22,2
DA:23,1
DA:25,1
LF:13
LH:13
BRDA:16,0,0,3
BRF:1
BRH:1
end_of_record
TN:
SF:src/presentation/controllers/card/get-cards/index.ts
FN:5,(anonymous_7)
FN:6,(anonymous_8)
FNF:2
FNH:2
FNDA:4,(anonymous_7)
FNDA:3,(anonymous_8)
DA:2,2
DA:4,2
DA:5,4
DA:7,3
DA:8,3
DA:9,2
DA:11,1
LF:7
LH:7
BRF:0
BRH:0
end_of_record
TN:
SF:src/presentation/controllers/card/update-card/index.ts
FN:11,(anonymous_7)
FN:12,(anonymous_8)
FNF:2
FNH:2
FNDA:8,(anonymous_7)
FNDA:7,(anonymous_8)
DA:7,2
DA:8,2
DA:10,2
DA:11,8
DA:13,7
DA:14,7
DA:15,7
DA:16,7
DA:17,18
DA:18,3
DA:22,4
DA:23,1
DA:26,3
DA:28,3
DA:29,3
DA:31,2
DA:32,1
DA:33,1
DA:35,1
DA:36,1
LF:20
LH:20
BRDA:17,0,0,3
BRDA:22,1,0,1
BRDA:31,2,0,1
BRF:3
BRH:3
end_of_record
TN:
SF:src/presentation/controllers/login/login.ts
FN:16,(anonymous_7)
FN:17,(anonymous_8)
FN:20,(anonymous_10)
FN:25,(anonymous_11)
FN:39,(anonymous_12)
FNF:5
FNH:5
FNDA:6,(anonymous_7)
FNDA:7,(anonymous_8)
FNDA:1,(anonymous_10)
FNDA:1,(anonymous_11)
FNDA:2,(anonymous_12)
DA:1,2
DA:2,2
DA:15,2
DA:16,6
DA:18,7
DA:19,7
DA:20,1
DA:21,1
DA:24,6
DA:25,1
DA:26,1
DA:30,5
DA:31,5
DA:35,4
DA:36,2
DA:39,2
DA:41,1
LF:17
LH:17
BRDA:19,0,0,1
BRDA:24,1,0,1
BRDA:35,2,0,2
BRF:3
BRH:3
end_of_record
TN:
SF:src/presentation/errors/access-denied-error.ts
FN:2,(anonymous_0)
FNF:1
FNH:1
FNDA:4,(anonymous_0)
DA:1,7
DA:3,4
DA:4,4
LF:3
LH:3
BRF:0
BRH:0
end_of_record
TN:
SF:src/presentation/errors/index.ts
FNF:0
FNH:0
DA:1,7
DA:2,7
DA:3,7
DA:4,7
DA:5,7
LF:5
LH:5
BRF:0
BRH:0
end_of_record
TN:
SF:src/presentation/errors/invalid-param-error.ts
FN:2,(anonymous_0)
FNF:1
FNH:1
FNDA:2,(anonymous_0)
DA:1,7
DA:3,2
DA:4,2
LF:3
LH:3
BRF:0
BRH:0
end_of_record
TN:
SF:src/presentation/errors/missing-param-error.ts
FN:2,(anonymous_0)
FNF:1
FNH:1
FNDA:18,(anonymous_0)
DA:1,7
DA:3,18
DA:4,18
LF:3
LH:3
BRF:0
BRH:0
end_of_record
TN:
SF:src/presentation/errors/server-error.ts
FN:2,(anonymous_0)
FNF:1
FNH:1
FNDA:10,(anonymous_0)
DA:1,7
DA:3,10
DA:4,10
DA:5,10
LF:4
LH:4
BRF:0
BRH:0
end_of_record
TN:
SF:src/presentation/errors/unauthorized-error.ts
FN:2,(anonymous_0)
FNF:1
FNH:1
FNDA:6,(anonymous_0)
DA:1,7
DA:3,6
DA:4,6
LF:3
LH:3
BRF:0
BRH:0
end_of_record
TN:
SF:src/presentation/helpers/index.ts
FNF:0
FNH:0
DA:1,5
LF:1
LH:1
BRF:0
BRH:0
end_of_record
TN:
SF:src/presentation/helpers/http/http-helper.ts
FN:5,(anonymous_0)
FN:10,(anonymous_1)
FN:15,(anonymous_2)
FN:20,(anonymous_3)
FN:25,(anonymous_4)
FN:30,(anonymous_5)
FN:35,(anonymous_6)
FNF:7
FNH:6
FNDA:20,(anonymous_0)
FNDA:4,(anonymous_1)
FNDA:3,(anonymous_2)
FNDA:10,(anonymous_3)
FNDA:11,(anonymous_4)
FNDA:2,(anonymous_5)
FNDA:0,(anonymous_6)
DA:2,6
DA:5,20
DA:10,6
DA:15,6
DA:20,10
DA:25,11
DA:30,6
DA:35,6
LF:8
LH:8
BRF:0
BRH:0
end_of_record
TN:
SF:src/presentation/middlewares/auth-middleware.ts
FN:15,(anonymous_7)
FN:17,(anonymous_8)
FNF:2
FNH:2
FNDA:6,(anonymous_7)
FNDA:5,(anonymous_8)
DA:2,2
DA:3,2
DA:14,2
DA:15,6
DA:18,5
DA:19,5
DA:20,5
DA:21,4
DA:22,4
DA:23,4
DA:24,3
DA:25,2
DA:30,2
DA:32,1
LF:14
LH:14
BRDA:19,0,0,1
BRDA:19,0,1,4
BRDA:19,1,0,5
BRDA:19,1,1,5
BRDA:19,2,0,0
BRDA:19,2,1,5
BRDA:19,3,0,5
BRDA:19,3,1,5
BRDA:20,4,0,4
BRDA:22,5,0,4
BRDA:24,6,0,2
BRF:11
BRH:10
end_of_record
